# JRE version: OpenJDK Runtime Environment Temurin-21.0.9+10 (21.0.9+10) (build 21.0.9+10-LTS)
# Java VM: OpenJDK 64-Bit Server VM Temurin-21.0.9+10 (21.0.9+10-LTS, mixed mode, sharing, tiered, compressed oops, compressed class ptrs, parallel gc, windows-amd64)
GC Precious Log:
 CardTable entry size: 512
 CPUs: 12 total, 12 available
 Memory: 16068M
 Large Page Support: Disabled
 NUMA Support: Disabled
 Compressed Oops: Enabled (32-bit)
 Alignments: Space 512K, Generation 512K, Heap 2M
 Heap Min Capacity: 100M
 Heap Initial Capacity: 100M
 Heap Max Capacity: 2G
 Pre-touch: Disabled
 Parallel Workers: 10
Heap:
 PSYoungGen      total 6656K, used 2249K [0x00000000d5580000, 0x00000000d5c80000, 0x0000000100000000)
  eden space 6144K, 31% used [0x00000000d5580000,0x00000000d5765390,0x00000000d5b80000)
  from space 512K, 60% used [0x00000000d5b80000,0x00000000d5bcd200,0x00000000d5c00000)
  to   space 512K, 0% used [0x00000000d5c00000,0x00000000d5c00000,0x00000000d5c80000)
 ParOldGen       total 449024K, used 448582K [0x0000000080000000, 0x000000009b680000, 0x00000000d5580000)
  object space 449024K, 99% used [0x0000000080000000,0x000000009b611828,0x000000009b680000)
 Metaspace       used 87610K, committed 89344K, reserved 1179648K
  class space    used 9204K, committed 9984K, reserved 1048576K
GC Heap History (20 events):
Event: 1527.737 GC heap before
{Heap before GC invocations=1384 (full 4):
 PSYoungGen      total 6656K, used 6432K [0x00000000d5580000, 0x00000000d5c80000, 0x0000000100000000)
  eden space 6144K, 100% used [0x00000000d5580000,0x00000000d5b80000,0x00000000d5b80000)
  from space 512K, 56% used [0x00000000d5b80000,0x00000000d5bc8000,0x00000000d5c00000)
  to   space 512K, 0% used [0x00000000d5c00000,0x00000000d5c00000,0x00000000d5c80000)
 ParOldGen       total 446976K, used 446734K [0x0000000080000000, 0x000000009b480000, 0x00000000d5580000)
  object space 446976K, 99% used [0x0000000080000000,0x000000009b443828,0x000000009b480000)
 Metaspace       used 87528K, committed 89280K, reserved 1179648K
  class space    used 9199K, committed 9984K, reserved 1048576K
}
Event: 1527.738 GC heap after
{Heap after GC invocations=1384 (full 4):
 PSYoungGen      total 6656K, used 319K [0x00000000d5580000, 0x00000000d5c80000, 0x0000000100000000)
  eden space 6144K, 0% used [0x00000000d5580000,0x00000000d5580000,0x00000000d5b80000)
  from space 512K, 62% used [0x00000000d5c00000,0x00000000d5c4fd78,0x00000000d5c80000)
  to   space 512K, 0% used [0x00000000d5b80000,0x00000000d5b80000,0x00000000d5c00000)
 ParOldGen       total 446976K, used 446806K [0x0000000080000000, 0x000000009b480000, 0x00000000d5580000)
  object space 446976K, 99% used [0x0000000080000000,0x000000009b455828,0x000000009b480000)
 Metaspace       used 87528K, committed 89280K, reserved 1179648K
  class space    used 9199K, committed 9984K, reserved 1048576K
}
Event: 1527.747 GC heap before
{Heap before GC invocations=1385 (full 4):
 PSYoungGen      total 6656K, used 6463K [0x00000000d5580000, 0x00000000d5c80000, 0x0000000100000000)
  eden space 6144K, 100% used [0x00000000d5580000,0x00000000d5b80000,0x00000000d5b80000)
  from space 512K, 62% used [0x00000000d5c00000,0x00000000d5c4fd78,0x00000000d5c80000)
  to   space 512K, 0% used [0x00000000d5b80000,0x00000000d5b80000,0x00000000d5c00000)
 ParOldGen       total 446976K, used 446806K [0x0000000080000000, 0x000000009b480000, 0x00000000d5580000)
  object space 446976K, 99% used [0x0000000080000000,0x000000009b455828,0x000000009b480000)
 Metaspace       used 87528K, committed 89280K, reserved 1179648K
  class space    used 9199K, committed 9984K, reserved 1048576K
}
Event: 1527.749 GC heap after
{Heap after GC invocations=1385 (full 4):
 PSYoungGen      total 6656K, used 333K [0x00000000d5580000, 0x00000000d5c80000, 0x0000000100000000)
  eden space 6144K, 0% used [0x00000000d5580000,0x00000000d5580000,0x00000000d5b80000)
  from space 512K, 65% used [0x00000000d5b80000,0x00000000d5bd34e0,0x00000000d5c00000)
  to   space 512K, 0% used [0x00000000d5c00000,0x00000000d5c00000,0x00000000d5c80000)
 ParOldGen       total 446976K, used 446862K [0x0000000080000000, 0x000000009b480000, 0x00000000d5580000)
  object space 446976K, 99% used [0x0000000080000000,0x000000009b463828,0x000000009b480000)
 Metaspace       used 87528K, committed 89280K, reserved 1179648K
  class space    used 9199K, committed 9984K, reserved 1048576K
}
Event: 1527.759 GC heap before
{Heap before GC invocations=1386 (full 4):
 PSYoungGen      total 6656K, used 6477K [0x00000000d5580000, 0x00000000d5c80000, 0x0000000100000000)
  eden space 6144K, 100% used [0x00000000d5580000,0x00000000d5b80000,0x00000000d5b80000)
  from space 512K, 65% used [0x00000000d5b80000,0x00000000d5bd34e0,0x00000000d5c00000)
  to   space 512K, 0% used [0x00000000d5c00000,0x00000000d5c00000,0x00000000d5c80000)
 ParOldGen       total 446976K, used 446862K [0x0000000080000000, 0x000000009b480000, 0x00000000d5580000)
  object space 446976K, 99% used [0x0000000080000000,0x000000009b463828,0x000000009b480000)
 Metaspace       used 87528K, committed 89280K, reserved 1179648K
  class space    used 9199K, committed 9984K, reserved 1048576K
}
Event: 1527.760 GC heap after
{Heap after GC invocations=1386 (full 4):
 PSYoungGen      total 6656K, used 328K [0x00000000d5580000, 0x00000000d5c80000, 0x0000000100000000)
  eden space 6144K, 0% used [0x00000000d5580000,0x00000000d5580000,0x00000000d5b80000)
  from space 512K, 64% used [0x00000000d5c00000,0x00000000d5c521c0,0x00000000d5c80000)
  to   space 512K, 0% used [0x00000000d5b80000,0x00000000d5b80000,0x00000000d5c00000)
 ParOldGen       total 446976K, used 446894K [0x0000000080000000, 0x000000009b480000, 0x00000000d5580000)
  object space 446976K, 99% used [0x0000000080000000,0x000000009b46b828,0x000000009b480000)
 Metaspace       used 87528K, committed 89280K, reserved 1179648K
  class space    used 9199K, committed 9984K, reserved 1048576K
}
Event: 1527.769 GC heap before
{Heap before GC invocations=1387 (full 4):
 PSYoungGen      total 6656K, used 6472K [0x00000000d5580000, 0x00000000d5c80000, 0x0000000100000000)
  eden space 6144K, 100% used [0x00000000d5580000,0x00000000d5b80000,0x00000000d5b80000)
  from space 512K, 64% used [0x00000000d5c00000,0x00000000d5c521c0,0x00000000d5c80000)
  to   space 512K, 0% used [0x00000000d5b80000,0x00000000d5b80000,0x00000000d5c00000)
 ParOldGen       total 446976K, used 446894K [0x0000000080000000, 0x000000009b480000, 0x00000000d5580000)
  object space 446976K, 99% used [0x0000000080000000,0x000000009b46b828,0x000000009b480000)
 Metaspace       used 87528K, committed 89280K, reserved 1179648K
  class space    used 9199K, committed 9984K, reserved 1048576K
}
Event: 1527.772 GC heap after
{Heap after GC invocations=1387 (full 4):
 PSYoungGen      total 6656K, used 459K [0x00000000d5580000, 0x00000000d5c80000, 0x0000000100000000)
  eden space 6144K, 0% used [0x00000000d5580000,0x00000000d5580000,0x00000000d5b80000)
  from space 512K, 89% used [0x00000000d5b80000,0x00000000d5bf2f40,0x00000000d5c00000)
  to   space 512K, 0% used [0x00000000d5c00000,0x00000000d5c00000,0x00000000d5c80000)
 ParOldGen       total 448000K, used 447758K [0x0000000080000000, 0x000000009b580000, 0x00000000d5580000)
  object space 448000K, 99% used [0x0000000080000000,0x000000009b543828,0x000000009b580000)
 Metaspace       used 87528K, committed 89280K, reserved 1179648K
  class space    used 9199K, committed 9984K, reserved 1048576K
}
Event: 1527.782 GC heap before
{Heap before GC invocations=1388 (full 4):
 PSYoungGen      total 6656K, used 6603K [0x00000000d5580000, 0x00000000d5c80000, 0x0000000100000000)
  eden space 6144K, 100% used [0x00000000d5580000,0x00000000d5b80000,0x00000000d5b80000)
  from space 512K, 89% used [0x00000000d5b80000,0x00000000d5bf2f40,0x00000000d5c00000)
  to   space 512K, 0% used [0x00000000d5c00000,0x00000000d5c00000,0x00000000d5c80000)
 ParOldGen       total 448000K, used 447758K [0x0000000080000000, 0x000000009b580000, 0x00000000d5580000)
  object space 448000K, 99% used [0x0000000080000000,0x000000009b543828,0x000000009b580000)
 Metaspace       used 87528K, committed 89280K, reserved 1179648K
  class space    used 9199K, committed 9984K, reserved 1048576K
}
Event: 1527.783 GC heap after
{Heap after GC invocations=1388 (full 4):
 PSYoungGen      total 6656K, used 353K [0x00000000d5580000, 0x00000000d5c80000, 0x0000000100000000)
  eden space 6144K, 0% used [0x00000000d5580000,0x00000000d5580000,0x00000000d5b80000)
  from space 512K, 69% used [0x00000000d5c00000,0x00000000d5c58648,0x00000000d5c80000)
  to   space 512K, 0% used [0x00000000d5b80000,0x00000000d5b80000,0x00000000d5c00000)
 ParOldGen       total 448000K, used 447878K [0x0000000080000000, 0x000000009b580000, 0x00000000d5580000)
  object space 448000K, 99% used [0x0000000080000000,0x000000009b561828,0x000000009b580000)
 Metaspace       used 87528K, committed 89280K, reserved 1179648K
  class space    used 9199K, committed 9984K, reserved 1048576K
}
Event: 1527.803 GC heap before
{Heap before GC invocations=1389 (full 4):
 PSYoungGen      total 6656K, used 6497K [0x00000000d5580000, 0x00000000d5c80000, 0x0000000100000000)
  eden space 6144K, 100% used [0x00000000d5580000,0x00000000d5b80000,0x00000000d5b80000)
  from space 512K, 69% used [0x00000000d5c00000,0x00000000d5c58648,0x00000000d5c80000)
  to   space 512K, 0% used [0x00000000d5b80000,0x00000000d5b80000,0x00000000d5c00000)
 ParOldGen       total 448000K, used 447878K [0x0000000080000000, 0x000000009b580000, 0x00000000d5580000)
  object space 448000K, 99% used [0x0000000080000000,0x000000009b561828,0x000000009b580000)
 Metaspace       used 87528K, committed 89280K, reserved 1179648K
  class space    used 9199K, committed 9984K, reserved 1048576K
}
Event: 1527.804 GC heap after
{Heap after GC invocations=1389 (full 4):
 PSYoungGen      total 6656K, used 320K [0x00000000d5580000, 0x00000000d5c80000, 0x0000000100000000)
  eden space 6144K, 0% used [0x00000000d5580000,0x00000000d5580000,0x00000000d5b80000)
  from space 512K, 62% used [0x00000000d5b80000,0x00000000d5bd0000,0x00000000d5c00000)
  to   space 512K, 0% used [0x00000000d5c00000,0x00000000d5c00000,0x00000000d5c80000)
 ParOldGen       total 448512K, used 448046K [0x0000000080000000, 0x000000009b600000, 0x00000000d5580000)
  object space 448512K, 99% used [0x0000000080000000,0x000000009b58b828,0x000000009b600000)
 Metaspace       used 87528K, committed 89280K, reserved 1179648K
  class space    used 9199K, committed 9984K, reserved 1048576K
}
Event: 1527.823 GC heap before
{Heap before GC invocations=1390 (full 4):
 PSYoungGen      total 6656K, used 6436K [0x00000000d5580000, 0x00000000d5c80000, 0x0000000100000000)
  eden space 6144K, 99% used [0x00000000d5580000,0x00000000d5b793f0,0x00000000d5b80000)
  from space 512K, 62% used [0x00000000d5b80000,0x00000000d5bd0000,0x00000000d5c00000)
  to   space 512K, 0% used [0x00000000d5c00000,0x00000000d5c00000,0x00000000d5c80000)
 ParOldGen       total 448512K, used 448046K [0x0000000080000000, 0x000000009b600000, 0x00000000d5580000)
  object space 448512K, 99% used [0x0000000080000000,0x000000009b58b828,0x000000009b600000)
 Metaspace       used 87528K, committed 89280K, reserved 1179648K
  class space    used 9199K, committed 9984K, reserved 1048576K
}
Event: 1527.825 GC heap after
{Heap after GC invocations=1390 (full 4):
 PSYoungGen      total 6656K, used 320K [0x00000000d5580000, 0x00000000d5c80000, 0x0000000100000000)
  eden space 6144K, 0% used [0x00000000d5580000,0x00000000d5580000,0x00000000d5b80000)
  from space 512K, 62% used [0x00000000d5c00000,0x00000000d5c50000,0x00000000d5c80000)
  to   space 512K, 0% used [0x00000000d5b80000,0x00000000d5b80000,0x00000000d5c00000)
 ParOldGen       total 448512K, used 448206K [0x0000000080000000, 0x000000009b600000, 0x00000000d5580000)
  object space 448512K, 99% used [0x0000000080000000,0x000000009b5b3828,0x000000009b600000)
 Metaspace       used 87528K, committed 89280K, reserved 1179648K
  class space    used 9199K, committed 9984K, reserved 1048576K
}
Event: 1527.840 GC heap before
{Heap before GC invocations=1391 (full 4):
 PSYoungGen      total 6656K, used 6464K [0x00000000d5580000, 0x00000000d5c80000, 0x0000000100000000)
  eden space 6144K, 100% used [0x00000000d5580000,0x00000000d5b80000,0x00000000d5b80000)
  from space 512K, 62% used [0x00000000d5c00000,0x00000000d5c50000,0x00000000d5c80000)
  to   space 512K, 0% used [0x00000000d5b80000,0x00000000d5b80000,0x00000000d5c00000)
 ParOldGen       total 448512K, used 448206K [0x0000000080000000, 0x000000009b600000, 0x00000000d5580000)
  object space 448512K, 99% used [0x0000000080000000,0x000000009b5b3828,0x000000009b600000)
 Metaspace       used 87528K, committed 89280K, reserved 1179648K
  class space    used 9199K, committed 9984K, reserved 1048576K
}
Event: 1527.842 GC heap after
{Heap after GC invocations=1391 (full 4):
 PSYoungGen      total 6656K, used 445K [0x00000000d5580000, 0x00000000d5c80000, 0x0000000100000000)
  eden space 6144K, 0% used [0x00000000d5580000,0x00000000d5580000,0x00000000d5b80000)
  from space 512K, 87% used [0x00000000d5b80000,0x00000000d5bef638,0x00000000d5c00000)
  to   space 512K, 0% used [0x00000000d5c00000,0x00000000d5c00000,0x00000000d5c80000)
 ParOldGen       total 448512K, used 448374K [0x0000000080000000, 0x000000009b600000, 0x00000000d5580000)
  object space 448512K, 99% used [0x0000000080000000,0x000000009b5dd828,0x000000009b600000)
 Metaspace       used 87528K, committed 89280K, reserved 1179648K
  class space    used 9199K, committed 9984K, reserved 1048576K
}
Event: 1527.856 GC heap before
{Heap before GC invocations=1392 (full 4):
 PSYoungGen      total 6656K, used 6589K [0x00000000d5580000, 0x00000000d5c80000, 0x0000000100000000)
  eden space 6144K, 100% used [0x00000000d5580000,0x00000000d5b80000,0x00000000d5b80000)
  from space 512K, 87% used [0x00000000d5b80000,0x00000000d5bef638,0x00000000d5c00000)
  to   space 512K, 0% used [0x00000000d5c00000,0x00000000d5c00000,0x00000000d5c80000)
 ParOldGen       total 448512K, used 448374K [0x0000000080000000, 0x000000009b600000, 0x00000000d5580000)
  object space 448512K, 99% used [0x0000000080000000,0x000000009b5dd828,0x000000009b600000)
 Metaspace       used 87528K, committed 89280K, reserved 1179648K
  class space    used 9199K, committed 9984K, reserved 1048576K
}
Event: 1527.857 GC heap after
{Heap after GC invocations=1392 (full 4):
 PSYoungGen      total 6656K, used 351K [0x00000000d5580000, 0x00000000d5c80000, 0x0000000100000000)
  eden space 6144K, 0% used [0x00000000d5580000,0x00000000d5580000,0x00000000d5b80000)
  from space 512K, 68% used [0x00000000d5c00000,0x00000000d5c57f70,0x00000000d5c80000)
  to   space 512K, 0% used [0x00000000d5b80000,0x00000000d5b80000,0x00000000d5c00000)
 ParOldGen       total 448512K, used 448510K [0x0000000080000000, 0x000000009b600000, 0x00000000d5580000)
  object space 448512K, 99% used [0x0000000080000000,0x000000009b5ff828,0x000000009b600000)
 Metaspace       used 87528K, committed 89280K, reserved 1179648K
  class space    used 9199K, committed 9984K, reserved 1048576K
}
Event: 1527.881 GC heap before
{Heap before GC invocations=1393 (full 4):
 PSYoungGen      total 6656K, used 6450K [0x00000000d5580000, 0x00000000d5c80000, 0x0000000100000000)
  eden space 6144K, 99% used [0x00000000d5580000,0x00000000d5b74bf8,0x00000000d5b80000)
  from space 512K, 68% used [0x00000000d5c00000,0x00000000d5c57f70,0x00000000d5c80000)
  to   space 512K, 0% used [0x00000000d5b80000,0x00000000d5b80000,0x00000000d5c00000)
 ParOldGen       total 448512K, used 448510K [0x0000000080000000, 0x000000009b600000, 0x00000000d5580000)
  object space 448512K, 99% used [0x0000000080000000,0x000000009b5ff828,0x000000009b600000)
 Metaspace       used 87570K, committed 89280K, reserved 1179648K
  class space    used 9201K, committed 9984K, reserved 1048576K
}
Event: 1527.884 GC heap after
{Heap after GC invocations=1393 (full 4):
 PSYoungGen      total 6656K, used 308K [0x00000000d5580000, 0x00000000d5c80000, 0x0000000100000000)
  eden space 6144K, 0% used [0x00000000d5580000,0x00000000d5580000,0x00000000d5b80000)
  from space 512K, 60% used [0x00000000d5b80000,0x00000000d5bcd200,0x00000000d5c00000)
  to   space 512K, 0% used [0x00000000d5c00000,0x00000000d5c00000,0x00000000d5c80000)
 ParOldGen       total 449024K, used 448582K [0x0000000080000000, 0x000000009b680000, 0x00000000d5580000)
  object space 449024K, 99% used [0x0000000080000000,0x000000009b611828,0x000000009b680000)
 Metaspace       used 87570K, committed 89280K, reserved 1179648K
  class space    used 9201K, committed 9984K, reserved 1048576K
}

